<?xml version="1.0" encoding="UTF-8"?>
<!-- Generated by org.testng.reporters.JUnitReportReporter -->
<testsuite hostname="Richard" name="test.java.testCases.TestFramework_001" tests="1" failures="0" timestamp="2 Nov 2015 22:52:44 GMT" time="88.179" errors="0">
  <testcase name="main" time="88.179" classname="test.java.testCases.TestFramework_001"/>
</testsuite> <!-- test.java.testCases.TestFramework_001 -->
